This file contains any messages produced by compilers while
running configure, to aid debugging if configure makes a mistake.

It was created by memcached configure 1.6.9, which was
generated by GNU Autoconf 2.69.  Invocation command line was

  $ ./configure 

## --------- ##
## Platform. ##
## --------- ##

hostname = node-0.adona.proxyweb-pg0.clemson.cloudlab.us
uname -m = x86_64
uname -r = 4.15.0-147-generic
uname -s = Linux
uname -v = #151-Ubuntu SMP Fri Jun 18 19:21:19 UTC 2021

/usr/bin/uname -p = unknown
/bin/uname -X     = unknown

/bin/arch              = unknown
/usr/bin/arch -k       = unknown
/usr/convex/getsysinfo = unknown
/usr/bin/hostinfo      = unknown
/bin/machine           = unknown
/usr/bin/oslevel       = unknown
/bin/universe          = unknown

PATH: /users/Adona/.vscode-server/bin/379476f0e13988d90fab105c5c19e7abc8b1dea8/bin
PATH: /users/Adona/.vscode-server/bin/379476f0e13988d90fab105c5c19e7abc8b1dea8/bin
PATH: /usr/local/sbin
PATH: /usr/local/bin
PATH: /usr/sbin
PATH: /usr/bin
PATH: /sbin
PATH: /bin
PATH: /usr/games
PATH: /usr/local/games


## ----------- ##
## Core tests. ##
## ----------- ##

configure:2551: checking build system type
configure:2565: result: x86_64-pc-linux-gnu
configure:2585: checking host system type
configure:2598: result: x86_64-pc-linux-gnu
configure:2635: checking for a BSD-compatible install
configure:2703: result: /usr/bin/install -c
configure:2714: checking whether build environment is sane
configure:2769: result: yes
configure:2920: checking for a thread-safe mkdir -p
configure:2959: result: /bin/mkdir -p
configure:2966: checking for gawk
configure:2996: result: no
configure:2966: checking for mawk
configure:2982: found /usr/bin/mawk
configure:2993: result: mawk
configure:3004: checking whether make sets $(MAKE)
configure:3026: result: yes
configure:3055: checking whether make supports nested variables
configure:3072: result: yes
configure:3249: checking for gcc
configure:3276: result: wllvm -O3
configure:3505: checking for C compiler version
configure:3514: wllvm -O3 --version >&5
clang version 6.0.0 (tags/RELEASE_600/final)
Target: x86_64-unknown-linux-gnu
Thread model: posix
InstalledDir: /usr/local/bin
configure:3525: $? = 0
configure:3514: wllvm -O3 -v >&5
clang version 6.0.0 (tags/RELEASE_600/final)
Target: x86_64-unknown-linux-gnu
Thread model: posix
InstalledDir: /usr/local/bin
Found candidate GCC installation: /usr/lib/gcc/x86_64-linux-gnu/7
Found candidate GCC installation: /usr/lib/gcc/x86_64-linux-gnu/7.5.0
Found candidate GCC installation: /usr/lib/gcc/x86_64-linux-gnu/8
Selected GCC installation: /usr/lib/gcc/x86_64-linux-gnu/7.5.0
Candidate multilib: .;@m64
Selected multilib: .;@m64
... rest of stderr output deleted ...
configure:3525: $? = 0
configure:3514: wllvm -O3 -V >&5
WARNING:Did not recognize the compiler flag "-V"
clang-6.0: error: argument to '-V' is missing (expected 1 value)
clang-6.0: error: no input files
ERROR:Failed to compile using given arguments: [-O3 -V]
configure:3525: $? = 1
configure:3514: wllvm -O3 -qversion >&5
WARNING:Did not recognize the compiler flag "-qversion"
clang-6.0: error: unknown argument: '-qversion'
clang-6.0: error: no input files
ERROR:Failed to compile using given arguments: [-O3 -qversion]
configure:3525: $? = 1
configure:3545: checking whether the C compiler works
configure:3567: wllvm -O3 -fPIC -fPIC  conftest.c  >&5
configure:3571: $? = 0
configure:3619: result: yes
configure:3622: checking for C compiler default output file name
configure:3624: result: a.out
configure:3630: checking for suffix of executables
configure:3637: wllvm -O3 -o conftest -fPIC -fPIC  conftest.c  >&5
configure:3641: $? = 0
configure:3663: result: 
configure:3685: checking whether we are cross compiling
configure:3693: wllvm -O3 -o conftest -fPIC -fPIC  conftest.c  >&5
configure:3697: $? = 0
configure:3704: ./conftest
configure:3708: $? = 0
configure:3723: result: no
configure:3728: checking for suffix of object files
configure:3750: wllvm -O3 -c -fPIC -fPIC conftest.c >&5
configure:3754: $? = 0
configure:3775: result: o
configure:3779: checking whether we are using the GNU C compiler
configure:3798: wllvm -O3 -c -fPIC -fPIC conftest.c >&5
configure:3798: $? = 0
configure:3807: result: yes
configure:3816: checking whether wllvm -O3 accepts -g
configure:3836: wllvm -O3 -c -g -fPIC conftest.c >&5
configure:3836: $? = 0
configure:3877: result: yes
configure:3894: checking for wllvm -O3 option to accept ISO C89
configure:3957: wllvm -O3  -c -fPIC -fPIC conftest.c >&5
configure:3957: $? = 0
configure:3970: result: none needed
configure:3995: checking whether wllvm -O3 understands -c and -o together
configure:4017: wllvm -O3 -c conftest.c -o conftest2.o
configure:4020: $? = 0
configure:4017: wllvm -O3 -c conftest.c -o conftest2.o
configure:4020: $? = 0
configure:4032: result: yes
configure:4052: checking whether make supports the include directive
configure:4067: make -f confmf.GNU && cat confinc.out
this is the am__doit target
configure:4070: $? = 0
configure:4089: result: yes (GNU style)
configure:4114: checking dependency style of wllvm -O3
configure:4225: result: gcc3
configure:4249: checking how to run the C preprocessor
configure:4280: wllvm -O3 -E -fPIC conftest.c
configure:4280: $? = 0
configure:4294: wllvm -O3 -E -fPIC conftest.c
conftest.c:11:10: fatal error: 'ac_nonexistent.h' file not found
#include <ac_nonexistent.h>
         ^~~~~~~~~~~~~~~~~~
1 error generated.
ERROR:Failed to compile using given arguments: [-O3 -E -fPIC conftest.c]
configure:4294: $? = 1
configure: failed program was:
| /* confdefs.h */
| #define PACKAGE_NAME "memcached"
| #define PACKAGE_TARNAME "memcached"
| #define PACKAGE_VERSION "1.6.9"
| #define PACKAGE_STRING "memcached 1.6.9"
| #define PACKAGE_BUGREPORT "memcached@googlegroups.com"
| #define PACKAGE_URL ""
| #define PACKAGE "memcached"
| #define VERSION "1.6.9"
| /* end confdefs.h.  */
| #include <ac_nonexistent.h>
configure:4319: result: wllvm -O3 -E
configure:4339: wllvm -O3 -E -fPIC conftest.c
configure:4339: $? = 0
configure:4353: wllvm -O3 -E -fPIC conftest.c
conftest.c:11:10: fatal error: 'ac_nonexistent.h' file not found
#include <ac_nonexistent.h>
         ^~~~~~~~~~~~~~~~~~
1 error generated.
ERROR:Failed to compile using given arguments: [-O3 -E -fPIC conftest.c]
configure:4353: $? = 1
configure: failed program was:
| /* confdefs.h */
| #define PACKAGE_NAME "memcached"
| #define PACKAGE_TARNAME "memcached"
| #define PACKAGE_VERSION "1.6.9"
| #define PACKAGE_STRING "memcached 1.6.9"
| #define PACKAGE_BUGREPORT "memcached@googlegroups.com"
| #define PACKAGE_URL ""
| #define PACKAGE "memcached"
| #define VERSION "1.6.9"
| /* end confdefs.h.  */
| #include <ac_nonexistent.h>
configure:4382: checking for grep that handles long lines and -e
configure:4440: result: /bin/grep
configure:4445: checking for egrep
configure:4507: result: /bin/grep -E
configure:4514: checking for icc in use
configure:4523: result: no
configure:4543: checking for clang in use
configure:4560: wllvm -O3 -c -fPIC -fPIC conftest.c >&5
configure:4560: $? = 0
configure:4566: result: yes
configure:4575: checking for ANSI C header files
configure:4595: wllvm -O3 -c -fPIC -fPIC conftest.c >&5
configure:4595: $? = 0
configure:4668: wllvm -O3 -o conftest -fPIC -fPIC  conftest.c  >&5
configure:4668: $? = 0
configure:4668: ./conftest
configure:4668: $? = 0
configure:4679: result: yes
configure:4692: checking for sys/types.h
configure:4692: wllvm -O3 -c -fPIC -fPIC conftest.c >&5
configure:4692: $? = 0
configure:4692: result: yes
configure:4692: checking for sys/stat.h
configure:4692: wllvm -O3 -c -fPIC -fPIC conftest.c >&5
configure:4692: $? = 0
configure:4692: result: yes
configure:4692: checking for stdlib.h
configure:4692: wllvm -O3 -c -fPIC -fPIC conftest.c >&5
configure:4692: $? = 0
configure:4692: result: yes
configure:4692: checking for string.h
configure:4692: wllvm -O3 -c -fPIC -fPIC conftest.c >&5
configure:4692: $? = 0
configure:4692: result: yes
configure:4692: checking for memory.h
configure:4692: wllvm -O3 -c -fPIC -fPIC conftest.c >&5
configure:4692: $? = 0
configure:4692: result: yes
configure:4692: checking for strings.h
configure:4692: wllvm -O3 -c -fPIC -fPIC conftest.c >&5
configure:4692: $? = 0
configure:4692: result: yes
configure:4692: checking for inttypes.h
configure:4692: wllvm -O3 -c -fPIC -fPIC conftest.c >&5
configure:4692: $? = 0
configure:4692: result: yes
configure:4692: checking for stdint.h
configure:4692: wllvm -O3 -c -fPIC -fPIC conftest.c >&5
configure:4692: $? = 0
configure:4692: result: yes
configure:4692: checking for unistd.h
configure:4692: wllvm -O3 -c -fPIC -fPIC conftest.c >&5
configure:4692: $? = 0
configure:4692: result: yes
configure:4705: checking whether __SUNPRO_C is declared
configure:4705: wllvm -O3 -c -fPIC -fPIC conftest.c >&5
conftest.c:61:10: error: use of undeclared identifier '__SUNPRO_C'
  (void) __SUNPRO_C;
         ^
1 error generated.
ERROR:Failed to compile using given arguments: [-O3 -c -fPIC -fPIC conftest.c]
configure:4705: $? = 1
configure: failed program was:
| /* confdefs.h */
| #define PACKAGE_NAME "memcached"
| #define PACKAGE_TARNAME "memcached"
| #define PACKAGE_VERSION "1.6.9"
| #define PACKAGE_STRING "memcached 1.6.9"
| #define PACKAGE_BUGREPORT "memcached@googlegroups.com"
| #define PACKAGE_URL ""
| #define PACKAGE "memcached"
| #define VERSION "1.6.9"
| #define STDC_HEADERS 1
| #define HAVE_SYS_TYPES_H 1
| #define HAVE_SYS_STAT_H 1
| #define HAVE_STDLIB_H 1
| #define HAVE_STRING_H 1
| #define HAVE_MEMORY_H 1
| #define HAVE_STRINGS_H 1
| #define HAVE_INTTYPES_H 1
| #define HAVE_STDINT_H 1
| #define HAVE_UNISTD_H 1
| /* end confdefs.h.  */
| #include <stdio.h>
| #ifdef HAVE_SYS_TYPES_H
| # include <sys/types.h>
| #endif
| #ifdef HAVE_SYS_STAT_H
| # include <sys/stat.h>
| #endif
| #ifdef STDC_HEADERS
| # include <stdlib.h>
| # include <stddef.h>
| #else
| # ifdef HAVE_STDLIB_H
| #  include <stdlib.h>
| # endif
| #endif
| #ifdef HAVE_STRING_H
| # if !defined STDC_HEADERS && defined HAVE_MEMORY_H
| #  include <memory.h>
| # endif
| # include <string.h>
| #endif
| #ifdef HAVE_STRINGS_H
| # include <strings.h>
| #endif
| #ifdef HAVE_INTTYPES_H
| # include <inttypes.h>
| #endif
| #ifdef HAVE_STDINT_H
| # include <stdint.h>
| #endif
| #ifdef HAVE_UNISTD_H
| # include <unistd.h>
| #endif
| int
| main ()
| {
| #ifndef __SUNPRO_C
| #ifdef __cplusplus
|   (void) __SUNPRO_C;
| #else
|   (void) __SUNPRO_C;
| #endif
| #endif
| 
|   ;
|   return 0;
| }
configure:4705: result: no
configure:4730: checking for wllvm -O3 option to accept ISO C99
configure:4879: wllvm -O3  -c -fPIC -Wno-language-extension-token -fPIC conftest.c >&5
configure:4879: $? = 0
configure:4892: result: none needed
configure:4970: checking sasl/sasl.h usability
configure:4970: wllvm -O3 -c -fPIC -Wno-language-extension-token -fPIC conftest.c >&5
conftest.c:54:10: fatal error: 'sasl/sasl.h' file not found
#include <sasl/sasl.h>
         ^~~~~~~~~~~~~
1 error generated.
ERROR:Failed to compile using given arguments: [-O3 -c -fPIC -Wno-language-extension-token -fPIC conftest.c]
configure:4970: $? = 1
configure: failed program was:
| /* confdefs.h */
| #define PACKAGE_NAME "memcached"
| #define PACKAGE_TARNAME "memcached"
| #define PACKAGE_VERSION "1.6.9"
| #define PACKAGE_STRING "memcached 1.6.9"
| #define PACKAGE_BUGREPORT "memcached@googlegroups.com"
| #define PACKAGE_URL ""
| #define PACKAGE "memcached"
| #define VERSION "1.6.9"
| #define STDC_HEADERS 1
| #define HAVE_SYS_TYPES_H 1
| #define HAVE_SYS_STAT_H 1
| #define HAVE_STDLIB_H 1
| #define HAVE_STRING_H 1
| #define HAVE_MEMORY_H 1
| #define HAVE_STRINGS_H 1
| #define HAVE_INTTYPES_H 1
| #define HAVE_STDINT_H 1
| #define HAVE_UNISTD_H 1
| /* end confdefs.h.  */
| #include <stdio.h>
| #ifdef HAVE_SYS_TYPES_H
| # include <sys/types.h>
| #endif
| #ifdef HAVE_SYS_STAT_H
| # include <sys/stat.h>
| #endif
| #ifdef STDC_HEADERS
| # include <stdlib.h>
| # include <stddef.h>
| #else
| # ifdef HAVE_STDLIB_H
| #  include <stdlib.h>
| # endif
| #endif
| #ifdef HAVE_STRING_H
| # if !defined STDC_HEADERS && defined HAVE_MEMORY_H
| #  include <memory.h>
| # endif
| # include <string.h>
| #endif
| #ifdef HAVE_STRINGS_H
| # include <strings.h>
| #endif
| #ifdef HAVE_INTTYPES_H
| # include <inttypes.h>
| #endif
| #ifdef HAVE_STDINT_H
| # include <stdint.h>
| #endif
| #ifdef HAVE_UNISTD_H
| # include <unistd.h>
| #endif
| #include <sasl/sasl.h>
configure:4970: result: no
configure:4970: checking sasl/sasl.h presence
configure:4970: wllvm -O3 -E -fPIC conftest.c
conftest.c:21:10: fatal error: 'sasl/sasl.h' file not found
#include <sasl/sasl.h>
         ^~~~~~~~~~~~~
1 error generated.
ERROR:Failed to compile using given arguments: [-O3 -E -fPIC conftest.c]
configure:4970: $? = 1
configure: failed program was:
| /* confdefs.h */
| #define PACKAGE_NAME "memcached"
| #define PACKAGE_TARNAME "memcached"
| #define PACKAGE_VERSION "1.6.9"
| #define PACKAGE_STRING "memcached 1.6.9"
| #define PACKAGE_BUGREPORT "memcached@googlegroups.com"
| #define PACKAGE_URL ""
| #define PACKAGE "memcached"
| #define VERSION "1.6.9"
| #define STDC_HEADERS 1
| #define HAVE_SYS_TYPES_H 1
| #define HAVE_SYS_STAT_H 1
| #define HAVE_STDLIB_H 1
| #define HAVE_STRING_H 1
| #define HAVE_MEMORY_H 1
| #define HAVE_STRINGS_H 1
| #define HAVE_INTTYPES_H 1
| #define HAVE_STDINT_H 1
| #define HAVE_UNISTD_H 1
| /* end confdefs.h.  */
| #include <sasl/sasl.h>
configure:4970: result: no
configure:4970: checking for sasl/sasl.h
configure:4970: result: no
configure:5449: checking for gcov
configure:5467: found /usr/bin/gcov
configure:5480: result: /usr/bin/gcov
configure:5545: checking size of void *
configure:5550: wllvm -O3 -o conftest -fPIC -Wno-language-extension-token -fPIC  conftest.c  >&5
configure:5550: $? = 0
configure:5550: ./conftest
configure:5550: $? = 0
configure:5564: result: 8
configure:5577: checking for library containing clock_gettime
configure:5608: wllvm -O3 -o conftest -fPIC -Wno-language-extension-token -fPIC  conftest.c  >&5
configure:5608: $? = 0
configure:5625: result: none required
configure:5635: checking for library containing socket
configure:5666: wllvm -O3 -o conftest -fPIC -Wno-language-extension-token -fPIC  conftest.c  >&5
configure:5666: $? = 0
configure:5683: result: none required
configure:5691: checking for library containing gethostbyname
configure:5722: wllvm -O3 -o conftest -fPIC -Wno-language-extension-token -fPIC  conftest.c  >&5
configure:5722: $? = 0
configure:5739: result: none required
configure:5764: checking for libevent directory
configure:5808: wllvm -O3 -o conftest -fPIC -Wno-language-extension-token -fPIC  conftest.c -levent  >&5
configure:5808: $? = 0
configure:5844: result: (system)
configure:5882: wllvm -O3 -o conftest -fPIC -Wno-language-extension-token -fPIC  conftest.c -levent  >&5
configure:5882: $? = 0
configure:5882: ./conftest
configure:5882: $? = 0
configure:6021: checking for library containing gethugepagesizes
configure:6052: wllvm -O3 -o conftest -fPIC -Wno-language-extension-token -fPIC  conftest.c -levent  >&5
/tmp/conftest-09179e.o: In function `main':
conftest.c:(.text+0x4): undefined reference to `gethugepagesizes'
clang-6.0: error: linker command failed with exit code 1 (use -v to see invocation)
ERROR:Failed to compile using given arguments: [-O3 -o conftest -fPIC -Wno-language-extension-token -fPIC conftest.c -levent]
configure:6052: $? = 1
configure: failed program was:
| /* confdefs.h */
| #define PACKAGE_NAME "memcached"
| #define PACKAGE_TARNAME "memcached"
| #define PACKAGE_VERSION "1.6.9"
| #define PACKAGE_STRING "memcached 1.6.9"
| #define PACKAGE_BUGREPORT "memcached@googlegroups.com"
| #define PACKAGE_URL ""
| #define PACKAGE "memcached"
| #define VERSION "1.6.9"
| #define STDC_HEADERS 1
| #define HAVE_SYS_TYPES_H 1
| #define HAVE_SYS_STAT_H 1
| #define HAVE_STDLIB_H 1
| #define HAVE_STRING_H 1
| #define HAVE_MEMORY_H 1
| #define HAVE_STRINGS_H 1
| #define HAVE_INTTYPES_H 1
| #define HAVE_STDINT_H 1
| #define HAVE_UNISTD_H 1
| #define EXTSTORE 1
| #define SIZEOF_VOID_P 8
| #define HAVE_LIBEVENT_NEW 1
| /* end confdefs.h.  */
| 
| /* Override any GCC internal prototype to avoid an error.
|    Use char because int might match the return type of a GCC
|    builtin and then its argument prototype would still apply.  */
| #ifdef __cplusplus
| extern "C"
| #endif
| char gethugepagesizes ();
| int
| main ()
| {
| return gethugepagesizes ();
|   ;
|   return 0;
| }
configure:6052: wllvm -O3 -o conftest -fPIC -Wno-language-extension-token -fPIC  conftest.c -lhugetlbfs  -levent  >&5
/usr/bin/ld: cannot find -lhugetlbfs
clang-6.0: error: linker command failed with exit code 1 (use -v to see invocation)
ERROR:Failed to compile using given arguments: [-O3 -o conftest -fPIC -Wno-language-extension-token -fPIC conftest.c -lhugetlbfs -levent]
configure:6052: $? = 1
configure: failed program was:
| /* confdefs.h */
| #define PACKAGE_NAME "memcached"
| #define PACKAGE_TARNAME "memcached"
| #define PACKAGE_VERSION "1.6.9"
| #define PACKAGE_STRING "memcached 1.6.9"
| #define PACKAGE_BUGREPORT "memcached@googlegroups.com"
| #define PACKAGE_URL ""
| #define PACKAGE "memcached"
| #define VERSION "1.6.9"
| #define STDC_HEADERS 1
| #define HAVE_SYS_TYPES_H 1
| #define HAVE_SYS_STAT_H 1
| #define HAVE_STDLIB_H 1
| #define HAVE_STRING_H 1
| #define HAVE_MEMORY_H 1
| #define HAVE_STRINGS_H 1
| #define HAVE_INTTYPES_H 1
| #define HAVE_STDINT_H 1
| #define HAVE_UNISTD_H 1
| #define EXTSTORE 1
| #define SIZEOF_VOID_P 8
| #define HAVE_LIBEVENT_NEW 1
| /* end confdefs.h.  */
| 
| /* Override any GCC internal prototype to avoid an error.
|    Use char because int might match the return type of a GCC
|    builtin and then its argument prototype would still apply.  */
| #ifdef __cplusplus
| extern "C"
| #endif
| char gethugepagesizes ();
| int
| main ()
| {
| return gethugepagesizes ();
|   ;
|   return 0;
| }
configure:6069: result: no
configure:6078: checking for stdbool.h that conforms to C99
configure:6145: wllvm -O3 -c -fPIC -Wno-language-extension-token -fPIC conftest.c >&5
conftest.c:73:24: warning: address of 's' will always evaluate to 'true' [-Wpointer-bool-conversion]
             bool e = &s;
                  ~    ^
conftest.c:77:23: warning: address of array 'a' will always evaluate to 'true' [-Wpointer-bool-conversion]
             return (!a + !b + !c + !d + !e + !f + !g + !h + !i + !!j + !k + !!l
                     ~^
conftest.c:77:28: warning: address of array 'b' will always evaluate to 'true' [-Wpointer-bool-conversion]
             return (!a + !b + !c + !d + !e + !f + !g + !h + !i + !!j + !k + !!l
                          ~^
conftest.c:77:33: warning: address of array 'c' will always evaluate to 'true' [-Wpointer-bool-conversion]
             return (!a + !b + !c + !d + !e + !f + !g + !h + !i + !!j + !k + !!l
                               ~^
conftest.c:77:38: warning: address of array 'd' will always evaluate to 'true' [-Wpointer-bool-conversion]
             return (!a + !b + !c + !d + !e + !f + !g + !h + !i + !!j + !k + !!l
                                    ~^
conftest.c:77:48: warning: address of array 'f' will always evaluate to 'true' [-Wpointer-bool-conversion]
             return (!a + !b + !c + !d + !e + !f + !g + !h + !i + !!j + !k + !!l
                                              ~^
conftest.c:77:53: warning: address of array 'g' will always evaluate to 'true' [-Wpointer-bool-conversion]
             return (!a + !b + !c + !d + !e + !f + !g + !h + !i + !!j + !k + !!l
                                                   ~^
conftest.c:77:58: warning: address of array 'h' will always evaluate to 'true' [-Wpointer-bool-conversion]
             return (!a + !b + !c + !d + !e + !f + !g + !h + !i + !!j + !k + !!l
                                                        ~^
conftest.c:77:63: warning: address of array 'i' will always evaluate to 'true' [-Wpointer-bool-conversion]
             return (!a + !b + !c + !d + !e + !f + !g + !h + !i + !!j + !k + !!l
                                                             ~^
conftest.c:78:30: warning: address of array 'n' will always evaluate to 'true' [-Wpointer-bool-conversion]
                            ~^
conftest.c:78:35: warning: address of array 'o' will always evaluate to 'true' [-Wpointer-bool-conversion]
                                 ~^
conftest.c:78:40: warning: address of array 'p' will always evaluate to 'true' [-Wpointer-bool-conversion]
                                      ~^
12 warnings generated.
conftest.c:73:24: warning: address of 's' will always evaluate to 'true' [-Wpointer-bool-conversion]
             bool e = &s;
                  ~    ^
conftest.c:77:23: warning: address of array 'a' will always evaluate to 'true' [-Wpointer-bool-conversion]
             return (!a + !b + !c + !d + !e + !f + !g + !h + !i + !!j + !k + !!l
                     ~^
conftest.c:77:28: warning: address of array 'b' will always evaluate to 'true' [-Wpointer-bool-conversion]
             return (!a + !b + !c + !d + !e + !f + !g + !h + !i + !!j + !k + !!l
                          ~^
conftest.c:77:33: warning: address of array 'c' will always evaluate to 'true' [-Wpointer-bool-conversion]
             return (!a + !b + !c + !d + !e + !f + !g + !h + !i + !!j + !k + !!l
                               ~^
conftest.c:77:38: warning: address of array 'd' will always evaluate to 'true' [-Wpointer-bool-conversion]
             return (!a + !b + !c + !d + !e + !f + !g + !h + !i + !!j + !k + !!l
                                    ~^
conftest.c:77:48: warning: address of array 'f' will always evaluate to 'true' [-Wpointer-bool-conversion]
             return (!a + !b + !c + !d + !e + !f + !g + !h + !i + !!j + !k + !!l
                                              ~^
conftest.c:77:53: warning: address of array 'g' will always evaluate to 'true' [-Wpointer-bool-conversion]
             return (!a + !b + !c + !d + !e + !f + !g + !h + !i + !!j + !k + !!l
                                                   ~^
conftest.c:77:58: warning: address of array 'h' will always evaluate to 'true' [-Wpointer-bool-conversion]
             return (!a + !b + !c + !d + !e + !f + !g + !h + !i + !!j + !k + !!l
                                                        ~^
conftest.c:77:63: warning: address of array 'i' will always evaluate to 'true' [-Wpointer-bool-conversion]
             return (!a + !b + !c + !d + !e + !f + !g + !h + !i + !!j + !k + !!l
                                                             ~^
conftest.c:78:30: warning: address of array 'n' will always evaluate to 'true' [-Wpointer-bool-conversion]
                            ~^
conftest.c:78:35: warning: address of array 'o' will always evaluate to 'true' [-Wpointer-bool-conversion]
                                 ~^
conftest.c:78:40: warning: address of array 'p' will always evaluate to 'true' [-Wpointer-bool-conversion]
                                      ~^
12 warnings generated.
configure:6145: $? = 0
configure:6152: result: yes
configure:6154: checking for _Bool
configure:6154: wllvm -O3 -c -fPIC -Wno-language-extension-token -fPIC conftest.c >&5
configure:6154: $? = 0
configure:6154: wllvm -O3 -c -fPIC -Wno-language-extension-token -fPIC conftest.c >&5
conftest.c:60:20: error: expected expression
if (sizeof ((_Bool)))
                   ^
1 error generated.
ERROR:Failed to compile using given arguments: [-O3 -c -fPIC -Wno-language-extension-token -fPIC conftest.c]
configure:6154: $? = 1
configure: failed program was:
| /* confdefs.h */
| #define PACKAGE_NAME "memcached"
| #define PACKAGE_TARNAME "memcached"
| #define PACKAGE_VERSION "1.6.9"
| #define PACKAGE_STRING "memcached 1.6.9"
| #define PACKAGE_BUGREPORT "memcached@googlegroups.com"
| #define PACKAGE_URL ""
| #define PACKAGE "memcached"
| #define VERSION "1.6.9"
| #define STDC_HEADERS 1
| #define HAVE_SYS_TYPES_H 1
| #define HAVE_SYS_STAT_H 1
| #define HAVE_STDLIB_H 1
| #define HAVE_STRING_H 1
| #define HAVE_MEMORY_H 1
| #define HAVE_STRINGS_H 1
| #define HAVE_INTTYPES_H 1
| #define HAVE_STDINT_H 1
| #define HAVE_UNISTD_H 1
| #define EXTSTORE 1
| #define SIZEOF_VOID_P 8
| #define HAVE_LIBEVENT_NEW 1
| /* end confdefs.h.  */
| #include <stdio.h>
| #ifdef HAVE_SYS_TYPES_H
| # include <sys/types.h>
| #endif
| #ifdef HAVE_SYS_STAT_H
| # include <sys/stat.h>
| #endif
| #ifdef STDC_HEADERS
| # include <stdlib.h>
| # include <stddef.h>
| #else
| # ifdef HAVE_STDLIB_H
| #  include <stdlib.h>
| # endif
| #endif
| #ifdef HAVE_STRING_H
| # if !defined STDC_HEADERS && defined HAVE_MEMORY_H
| #  include <memory.h>
| # endif
| # include <string.h>
| #endif
| #ifdef HAVE_STRINGS_H
| # include <strings.h>
| #endif
| #ifdef HAVE_INTTYPES_H
| # include <inttypes.h>
| #endif
| #ifdef HAVE_STDINT_H
| # include <stdint.h>
| #endif
| #ifdef HAVE_UNISTD_H
| # include <unistd.h>
| #endif
| int
| main ()
| {
| if (sizeof ((_Bool)))
| 	    return 0;
|   ;
|   return 0;
| }
configure:6154: result: yes
configure:6175: checking for inttypes.h
configure:6175: result: yes
configure:6190: checking for sasl_callback_ft
configure:6214: wllvm -O3 -c -fPIC -Wno-language-extension-token -fPIC conftest.c >&5
conftest.c:37:5: error: use of undeclared identifier 'sasl_callback_ft'
    sasl_callback_ft a_callback;
    ^
1 error generated.
ERROR:Failed to compile using given arguments: [-O3 -c -fPIC -Wno-language-extension-token -fPIC conftest.c]
configure:6214: $? = 1
configure: failed program was:
| /* confdefs.h */
| #define PACKAGE_NAME "memcached"
| #define PACKAGE_TARNAME "memcached"
| #define PACKAGE_VERSION "1.6.9"
| #define PACKAGE_STRING "memcached 1.6.9"
| #define PACKAGE_BUGREPORT "memcached@googlegroups.com"
| #define PACKAGE_URL ""
| #define PACKAGE "memcached"
| #define VERSION "1.6.9"
| #define STDC_HEADERS 1
| #define HAVE_SYS_TYPES_H 1
| #define HAVE_SYS_STAT_H 1
| #define HAVE_STDLIB_H 1
| #define HAVE_STRING_H 1
| #define HAVE_MEMORY_H 1
| #define HAVE_STRINGS_H 1
| #define HAVE_INTTYPES_H 1
| #define HAVE_STDINT_H 1
| #define HAVE_UNISTD_H 1
| #define EXTSTORE 1
| #define SIZEOF_VOID_P 8
| #define HAVE_LIBEVENT_NEW 1
| #define HAVE__BOOL 1
| #define HAVE_STDBOOL_H 1
| #define HAVE_INTTYPES_H 1
| /* end confdefs.h.  */
| 
|     #ifdef HAVE_SASL_SASL_H
|     #include <sasl/sasl.h>
|     #include <sasl/saslplug.h>
|     #endif
| 
| int
| main ()
| {
| 
|     sasl_callback_ft a_callback;
| 
|   ;
|   return 0;
| }
configure:6226: result: no
configure:6238: checking for print macros for integers (C99 section 7.8.1)
configure:6262: wllvm -O3 -c -fPIC -Wno-language-extension-token -fPIC conftest.c >&5
configure:6262: $? = 0
configure:6270: result: yes
configure:6286: checking for an ANSI C-conforming const
configure:6352: wllvm -O3 -c -fPIC -Wno-language-extension-token -fPIC conftest.c >&5
configure:6352: $? = 0
configure:6359: result: yes
configure:6370: checking for socklen_t
configure:6392: wllvm -O3 -c -fPIC -Wno-language-extension-token -fPIC conftest.c >&5
configure:6392: $? = 0
configure:6404: result: yes
configure:6413: checking whether byte ordering is bigendian
configure:6428: wllvm -O3 -c -fPIC -Wno-language-extension-token -fPIC conftest.c >&5
conftest.c:28:9: error: unknown type name 'not'
               not a universal capable compiler
               ^
conftest.c:28:14: error: expected ';' after top level declarator
               not a universal capable compiler
                    ^
                    ;
2 errors generated.
ERROR:Failed to compile using given arguments: [-O3 -c -fPIC -Wno-language-extension-token -fPIC conftest.c]
configure:6428: $? = 1
configure: failed program was:
| /* confdefs.h */
| #define PACKAGE_NAME "memcached"
| #define PACKAGE_TARNAME "memcached"
| #define PACKAGE_VERSION "1.6.9"
| #define PACKAGE_STRING "memcached 1.6.9"
| #define PACKAGE_BUGREPORT "memcached@googlegroups.com"
| #define PACKAGE_URL ""
| #define PACKAGE "memcached"
| #define VERSION "1.6.9"
| #define STDC_HEADERS 1
| #define HAVE_SYS_TYPES_H 1
| #define HAVE_SYS_STAT_H 1
| #define HAVE_STDLIB_H 1
| #define HAVE_STRING_H 1
| #define HAVE_MEMORY_H 1
| #define HAVE_STRINGS_H 1
| #define HAVE_INTTYPES_H 1
| #define HAVE_STDINT_H 1
| #define HAVE_UNISTD_H 1
| #define EXTSTORE 1
| #define SIZEOF_VOID_P 8
| #define HAVE_LIBEVENT_NEW 1
| #define HAVE__BOOL 1
| #define HAVE_STDBOOL_H 1
| #define HAVE_INTTYPES_H 1
| /* end confdefs.h.  */
| #ifndef __APPLE_CC__
| 	       not a universal capable compiler
| 	     #endif
| 	     typedef int dummy;
| 
configure:6473: wllvm -O3 -c -fPIC -Wno-language-extension-token -fPIC conftest.c >&5
configure:6473: $? = 0
configure:6491: wllvm -O3 -c -fPIC -Wno-language-extension-token -fPIC conftest.c >&5
conftest.c:34:4: error: use of undeclared identifier 'not'
                 not big endian
                 ^
1 error generated.
ERROR:Failed to compile using given arguments: [-O3 -c -fPIC -Wno-language-extension-token -fPIC conftest.c]
configure:6491: $? = 1
configure: failed program was:
| /* confdefs.h */
| #define PACKAGE_NAME "memcached"
| #define PACKAGE_TARNAME "memcached"
| #define PACKAGE_VERSION "1.6.9"
| #define PACKAGE_STRING "memcached 1.6.9"
| #define PACKAGE_BUGREPORT "memcached@googlegroups.com"
| #define PACKAGE_URL ""
| #define PACKAGE "memcached"
| #define VERSION "1.6.9"
| #define STDC_HEADERS 1
| #define HAVE_SYS_TYPES_H 1
| #define HAVE_SYS_STAT_H 1
| #define HAVE_STDLIB_H 1
| #define HAVE_STRING_H 1
| #define HAVE_MEMORY_H 1
| #define HAVE_STRINGS_H 1
| #define HAVE_INTTYPES_H 1
| #define HAVE_STDINT_H 1
| #define HAVE_UNISTD_H 1
| #define EXTSTORE 1
| #define SIZEOF_VOID_P 8
| #define HAVE_LIBEVENT_NEW 1
| #define HAVE__BOOL 1
| #define HAVE_STDBOOL_H 1
| #define HAVE_INTTYPES_H 1
| /* end confdefs.h.  */
| #include <sys/types.h>
| 		#include <sys/param.h>
| 
| int
| main ()
| {
| #if BYTE_ORDER != BIG_ENDIAN
| 		 not big endian
| 		#endif
| 
|   ;
|   return 0;
| }
configure:6619: result: no
configure:6643: checking for htonll
configure:6665: wllvm -O3 -o conftest -fPIC -Wno-language-extension-token -fPIC  conftest.c -levent  >&5
conftest.c:32:23: warning: extra tokens at end of #include directive [-Wextra-tokens]
#include <inttypes.h> */
                      ^
                      //
conftest.c:39:18: warning: implicit declaration of function 'htonll' is invalid in C99 [-Wimplicit-function-declaration]
          return htonll(0);
                 ^
2 warnings generated.
/tmp/conftest-a9c1fc.o: In function `main':
conftest.c:(.text+0x5): undefined reference to `htonll'
clang-6.0: error: linker command failed with exit code 1 (use -v to see invocation)
ERROR:Failed to compile using given arguments: [-O3 -o conftest -fPIC -Wno-language-extension-token -fPIC conftest.c -levent]
configure:6665: $? = 1
configure: failed program was:
| /* confdefs.h */
| #define PACKAGE_NAME "memcached"
| #define PACKAGE_TARNAME "memcached"
| #define PACKAGE_VERSION "1.6.9"
| #define PACKAGE_STRING "memcached 1.6.9"
| #define PACKAGE_BUGREPORT "memcached@googlegroups.com"
| #define PACKAGE_URL ""
| #define PACKAGE "memcached"
| #define VERSION "1.6.9"
| #define STDC_HEADERS 1
| #define HAVE_SYS_TYPES_H 1
| #define HAVE_SYS_STAT_H 1
| #define HAVE_STDLIB_H 1
| #define HAVE_STRING_H 1
| #define HAVE_MEMORY_H 1
| #define HAVE_STRINGS_H 1
| #define HAVE_INTTYPES_H 1
| #define HAVE_STDINT_H 1
| #define HAVE_UNISTD_H 1
| #define EXTSTORE 1
| #define SIZEOF_VOID_P 8
| #define HAVE_LIBEVENT_NEW 1
| #define HAVE__BOOL 1
| #define HAVE_STDBOOL_H 1
| #define HAVE_INTTYPES_H 1
| #define ENDIAN_LITTLE 1
| /* end confdefs.h.  */
| 
| #include <sys/types.h>
| #include <netinet/in.h>
| #ifdef HAVE_INTTYPES_H
| #include <inttypes.h> */
| #endif
| 
| int
| main ()
| {
| 
|           return htonll(0);
| 
|   ;
|   return 0;
| }
configure:6680: result: no
configure:6684: checking for library containing pthread_create
configure:6715: wllvm -O3 -o conftest -fPIC -Wno-language-extension-token -fPIC  conftest.c -levent  >&5
/usr/bin/ld: /tmp/conftest-ae1cac.o: undefined reference to symbol 'pthread_create@@GLIBC_2.2.5'
//lib/x86_64-linux-gnu/libpthread.so.0: error adding symbols: DSO missing from command line
clang-6.0: error: linker command failed with exit code 1 (use -v to see invocation)
ERROR:Failed to compile using given arguments: [-O3 -o conftest -fPIC -Wno-language-extension-token -fPIC conftest.c -levent]
configure:6715: $? = 1
configure: failed program was:
| /* confdefs.h */
| #define PACKAGE_NAME "memcached"
| #define PACKAGE_TARNAME "memcached"
| #define PACKAGE_VERSION "1.6.9"
| #define PACKAGE_STRING "memcached 1.6.9"
| #define PACKAGE_BUGREPORT "memcached@googlegroups.com"
| #define PACKAGE_URL ""
| #define PACKAGE "memcached"
| #define VERSION "1.6.9"
| #define STDC_HEADERS 1
| #define HAVE_SYS_TYPES_H 1
| #define HAVE_SYS_STAT_H 1
| #define HAVE_STDLIB_H 1
| #define HAVE_STRING_H 1
| #define HAVE_MEMORY_H 1
| #define HAVE_STRINGS_H 1
| #define HAVE_INTTYPES_H 1
| #define HAVE_STDINT_H 1
| #define HAVE_UNISTD_H 1
| #define EXTSTORE 1
| #define SIZEOF_VOID_P 8
| #define HAVE_LIBEVENT_NEW 1
| #define HAVE__BOOL 1
| #define HAVE_STDBOOL_H 1
| #define HAVE_INTTYPES_H 1
| #define ENDIAN_LITTLE 1
| /* end confdefs.h.  */
| 
| /* Override any GCC internal prototype to avoid an error.
|    Use char because int might match the return type of a GCC
|    builtin and then its argument prototype would still apply.  */
| #ifdef __cplusplus
| extern "C"
| #endif
| char pthread_create ();
| int
| main ()
| {
| return pthread_create ();
|   ;
|   return 0;
| }
configure:6715: wllvm -O3 -o conftest -fPIC -Wno-language-extension-token -fPIC  conftest.c -lpthread  -levent  >&5
configure:6715: $? = 0
configure:6732: result: -lpthread
configure:6746: checking for mlockall
configure:6746: wllvm -O3 -o conftest -fPIC -Wno-language-extension-token -fPIC  conftest.c -lpthread -levent  >&5
configure:6746: $? = 0
configure:6746: result: yes
configure:6757: checking for getpagesizes
configure:6757: wllvm -O3 -o conftest -fPIC -Wno-language-extension-token -fPIC  conftest.c -lpthread -levent  >&5
/tmp/conftest-27a48c.o: In function `main':
conftest.c:(.text+0x4): undefined reference to `getpagesizes'
clang-6.0: error: linker command failed with exit code 1 (use -v to see invocation)
ERROR:Failed to compile using given arguments: [-O3 -o conftest -fPIC -Wno-language-extension-token -fPIC conftest.c -lpthread -levent]
configure:6757: $? = 1
configure: failed program was:
| /* confdefs.h */
| #define PACKAGE_NAME "memcached"
| #define PACKAGE_TARNAME "memcached"
| #define PACKAGE_VERSION "1.6.9"
| #define PACKAGE_STRING "memcached 1.6.9"
| #define PACKAGE_BUGREPORT "memcached@googlegroups.com"
| #define PACKAGE_URL ""
| #define PACKAGE "memcached"
| #define VERSION "1.6.9"
| #define STDC_HEADERS 1
| #define HAVE_SYS_TYPES_H 1
| #define HAVE_SYS_STAT_H 1
| #define HAVE_STDLIB_H 1
| #define HAVE_STRING_H 1
| #define HAVE_MEMORY_H 1
| #define HAVE_STRINGS_H 1
| #define HAVE_INTTYPES_H 1
| #define HAVE_STDINT_H 1
| #define HAVE_UNISTD_H 1
| #define EXTSTORE 1
| #define SIZEOF_VOID_P 8
| #define HAVE_LIBEVENT_NEW 1
| #define HAVE__BOOL 1
| #define HAVE_STDBOOL_H 1
| #define HAVE_INTTYPES_H 1
| #define ENDIAN_LITTLE 1
| #define HAVE_MLOCKALL 1
| /* end confdefs.h.  */
| /* Define getpagesizes to an innocuous variant, in case <limits.h> declares getpagesizes.
|    For example, HP-UX 11i <limits.h> declares gettimeofday.  */
| #define getpagesizes innocuous_getpagesizes
| 
| /* System header to define __stub macros and hopefully few prototypes,
|     which can conflict with char getpagesizes (); below.
|     Prefer <limits.h> to <assert.h> if __STDC__ is defined, since
|     <limits.h> exists even on freestanding compilers.  */
| 
| #ifdef __STDC__
| # include <limits.h>
| #else
| # include <assert.h>
| #endif
| 
| #undef getpagesizes
| 
| /* Override any GCC internal prototype to avoid an error.
|    Use char because int might match the return type of a GCC
|    builtin and then its argument prototype would still apply.  */
| #ifdef __cplusplus
| extern "C"
| #endif
| char getpagesizes ();
| /* The GNU C library defines this for functions which it implements
|     to always fail with ENOSYS.  Some functions are actually named
|     something starting with __ and the normal name is an alias.  */
| #if defined __stub_getpagesizes || defined __stub___getpagesizes
| choke me
| #endif
| 
| int
| main ()
| {
| return getpagesizes ();
|   ;
|   return 0;
| }
configure:6757: result: no
configure:6768: checking for sysconf
configure:6768: wllvm -O3 -o conftest -fPIC -Wno-language-extension-token -fPIC  conftest.c -lpthread -levent  >&5
configure:6768: $? = 0
configure:6768: result: yes
configure:6779: checking for memcntl
configure:6779: wllvm -O3 -o conftest -fPIC -Wno-language-extension-token -fPIC  conftest.c -lpthread -levent  >&5
/tmp/conftest-3d2145.o: In function `main':
conftest.c:(.text+0x4): undefined reference to `memcntl'
clang-6.0: error: linker command failed with exit code 1 (use -v to see invocation)
ERROR:Failed to compile using given arguments: [-O3 -o conftest -fPIC -Wno-language-extension-token -fPIC conftest.c -lpthread -levent]
configure:6779: $? = 1
configure: failed program was:
| /* confdefs.h */
| #define PACKAGE_NAME "memcached"
| #define PACKAGE_TARNAME "memcached"
| #define PACKAGE_VERSION "1.6.9"
| #define PACKAGE_STRING "memcached 1.6.9"
| #define PACKAGE_BUGREPORT "memcached@googlegroups.com"
| #define PACKAGE_URL ""
| #define PACKAGE "memcached"
| #define VERSION "1.6.9"
| #define STDC_HEADERS 1
| #define HAVE_SYS_TYPES_H 1
| #define HAVE_SYS_STAT_H 1
| #define HAVE_STDLIB_H 1
| #define HAVE_STRING_H 1
| #define HAVE_MEMORY_H 1
| #define HAVE_STRINGS_H 1
| #define HAVE_INTTYPES_H 1
| #define HAVE_STDINT_H 1
| #define HAVE_UNISTD_H 1
| #define EXTSTORE 1
| #define SIZEOF_VOID_P 8
| #define HAVE_LIBEVENT_NEW 1
| #define HAVE__BOOL 1
| #define HAVE_STDBOOL_H 1
| #define HAVE_INTTYPES_H 1
| #define ENDIAN_LITTLE 1
| #define HAVE_MLOCKALL 1
| #define HAVE_SYSCONF 1
| /* end confdefs.h.  */
| /* Define memcntl to an innocuous variant, in case <limits.h> declares memcntl.
|    For example, HP-UX 11i <limits.h> declares gettimeofday.  */
| #define memcntl innocuous_memcntl
| 
| /* System header to define __stub macros and hopefully few prototypes,
|     which can conflict with char memcntl (); below.
|     Prefer <limits.h> to <assert.h> if __STDC__ is defined, since
|     <limits.h> exists even on freestanding compilers.  */
| 
| #ifdef __STDC__
| # include <limits.h>
| #else
| # include <assert.h>
| #endif
| 
| #undef memcntl
| 
| /* Override any GCC internal prototype to avoid an error.
|    Use char because int might match the return type of a GCC
|    builtin and then its argument prototype would still apply.  */
| #ifdef __cplusplus
| extern "C"
| #endif
| char memcntl ();
| /* The GNU C library defines this for functions which it implements
|     to always fail with ENOSYS.  Some functions are actually named
|     something starting with __ and the normal name is an alias.  */
| #if defined __stub_memcntl || defined __stub___memcntl
| choke me
| #endif
| 
| int
| main ()
| {
| return memcntl ();
|   ;
|   return 0;
| }
configure:6779: result: no
configure:6790: checking for clock_gettime
configure:6790: wllvm -O3 -o conftest -fPIC -Wno-language-extension-token -fPIC  conftest.c -lpthread -levent  >&5
configure:6790: $? = 0
configure:6790: result: yes
configure:6801: checking for preadv
configure:6801: wllvm -O3 -o conftest -fPIC -Wno-language-extension-token -fPIC  conftest.c -lpthread -levent  >&5
configure:6801: $? = 0
configure:6801: result: yes
configure:6812: checking for pread
configure:6812: wllvm -O3 -o conftest -fPIC -Wno-language-extension-token -fPIC  conftest.c -lpthread -levent  >&5
configure:6812: $? = 0
configure:6812: result: yes
configure:6823: checking for accept4
configure:6823: wllvm -O3 -o conftest -fPIC -Wno-language-extension-token -fPIC  conftest.c -lpthread -levent  >&5
configure:6823: $? = 0
configure:6823: result: yes
configure:6836: checking for getopt_long
configure:6836: wllvm -O3 -o conftest -fPIC -Wno-language-extension-token -fPIC  conftest.c -lpthread -levent  >&5
configure:6836: $? = 0
configure:6836: result: yes
configure:6850: checking for alignment
configure:6897: wllvm -O3 -o conftest -fPIC -Wno-language-extension-token -fPIC  conftest.c -lpthread -levent  >&5
configure:6897: $? = 0
configure:6897: ./conftest
configure:6897: $? = 0
configure:6912: result: none
configure:6929: checking for GCC atomics
configure:6947: wllvm -O3 -o conftest -fPIC -Wno-language-extension-token -fPIC  conftest.c -lpthread -levent  >&5
configure:6947: $? = 0
configure:6955: result: yes
configure:6959: checking for GCC 64bit atomics
configure:6978: wllvm -O3 -o conftest -fPIC -Wno-language-extension-token -fPIC  conftest.c -lpthread -levent  >&5
configure:6978: $? = 0
configure:6986: result: yes
configure:6991: checking for setppriv
configure:6991: wllvm -O3 -o conftest -fPIC -Wno-language-extension-token -fPIC  conftest.c -lpthread -levent  >&5
/tmp/conftest-e3dde8.o: In function `main':
conftest.c:(.text+0x4): undefined reference to `setppriv'
clang-6.0: error: linker command failed with exit code 1 (use -v to see invocation)
ERROR:Failed to compile using given arguments: [-O3 -o conftest -fPIC -Wno-language-extension-token -fPIC conftest.c -lpthread -levent]
configure:6991: $? = 1
configure: failed program was:
| /* confdefs.h */
| #define PACKAGE_NAME "memcached"
| #define PACKAGE_TARNAME "memcached"
| #define PACKAGE_VERSION "1.6.9"
| #define PACKAGE_STRING "memcached 1.6.9"
| #define PACKAGE_BUGREPORT "memcached@googlegroups.com"
| #define PACKAGE_URL ""
| #define PACKAGE "memcached"
| #define VERSION "1.6.9"
| #define STDC_HEADERS 1
| #define HAVE_SYS_TYPES_H 1
| #define HAVE_SYS_STAT_H 1
| #define HAVE_STDLIB_H 1
| #define HAVE_STRING_H 1
| #define HAVE_MEMORY_H 1
| #define HAVE_STRINGS_H 1
| #define HAVE_INTTYPES_H 1
| #define HAVE_STDINT_H 1
| #define HAVE_UNISTD_H 1
| #define EXTSTORE 1
| #define SIZEOF_VOID_P 8
| #define HAVE_LIBEVENT_NEW 1
| #define HAVE__BOOL 1
| #define HAVE_STDBOOL_H 1
| #define HAVE_INTTYPES_H 1
| #define ENDIAN_LITTLE 1
| #define HAVE_MLOCKALL 1
| #define HAVE_SYSCONF 1
| #define HAVE_CLOCK_GETTIME 1
| #define HAVE_PREADV 1
| #define HAVE_PREAD 1
| #define HAVE_ACCEPT4 1
| #define HAVE_ACCEPT4 1
| #define HAVE_GETOPT_LONG 1
| #define HAVE_GETOPT_LONG 1
| #define HAVE_GCC_ATOMICS 1
| #define HAVE_GCC_64ATOMICS 1
| /* end confdefs.h.  */
| /* Define setppriv to an innocuous variant, in case <limits.h> declares setppriv.
|    For example, HP-UX 11i <limits.h> declares gettimeofday.  */
| #define setppriv innocuous_setppriv
| 
| /* System header to define __stub macros and hopefully few prototypes,
|     which can conflict with char setppriv (); below.
|     Prefer <limits.h> to <assert.h> if __STDC__ is defined, since
|     <limits.h> exists even on freestanding compilers.  */
| 
| #ifdef __STDC__
| # include <limits.h>
| #else
| # include <assert.h>
| #endif
| 
| #undef setppriv
| 
| /* Override any GCC internal prototype to avoid an error.
|    Use char because int might match the return type of a GCC
|    builtin and then its argument prototype would still apply.  */
| #ifdef __cplusplus
| extern "C"
| #endif
| char setppriv ();
| /* The GNU C library defines this for functions which it implements
|     to always fail with ENOSYS.  Some functions are actually named
|     something starting with __ and the normal name is an alias.  */
| #if defined __stub_setppriv || defined __stub___setppriv
| choke me
| #endif
| 
| int
| main ()
| {
| return setppriv ();
|   ;
|   return 0;
| }
configure:6991: result: no
configure:7069: checking for pledge
configure:7069: wllvm -O3 -o conftest -fPIC -Wno-language-extension-token -fPIC  conftest.c -lpthread -levent  >&5
/tmp/conftest-2c6ed1.o: In function `main':
conftest.c:(.text+0x4): undefined reference to `pledge'
clang-6.0: error: linker command failed with exit code 1 (use -v to see invocation)
ERROR:Failed to compile using given arguments: [-O3 -o conftest -fPIC -Wno-language-extension-token -fPIC conftest.c -lpthread -levent]
configure:7069: $? = 1
configure: failed program was:
| /* confdefs.h */
| #define PACKAGE_NAME "memcached"
| #define PACKAGE_TARNAME "memcached"
| #define PACKAGE_VERSION "1.6.9"
| #define PACKAGE_STRING "memcached 1.6.9"
| #define PACKAGE_BUGREPORT "memcached@googlegroups.com"
| #define PACKAGE_URL ""
| #define PACKAGE "memcached"
| #define VERSION "1.6.9"
| #define STDC_HEADERS 1
| #define HAVE_SYS_TYPES_H 1
| #define HAVE_SYS_STAT_H 1
| #define HAVE_STDLIB_H 1
| #define HAVE_STRING_H 1
| #define HAVE_MEMORY_H 1
| #define HAVE_STRINGS_H 1
| #define HAVE_INTTYPES_H 1
| #define HAVE_STDINT_H 1
| #define HAVE_UNISTD_H 1
| #define EXTSTORE 1
| #define SIZEOF_VOID_P 8
| #define HAVE_LIBEVENT_NEW 1
| #define HAVE__BOOL 1
| #define HAVE_STDBOOL_H 1
| #define HAVE_INTTYPES_H 1
| #define ENDIAN_LITTLE 1
| #define HAVE_MLOCKALL 1
| #define HAVE_SYSCONF 1
| #define HAVE_CLOCK_GETTIME 1
| #define HAVE_PREADV 1
| #define HAVE_PREAD 1
| #define HAVE_ACCEPT4 1
| #define HAVE_ACCEPT4 1
| #define HAVE_GETOPT_LONG 1
| #define HAVE_GETOPT_LONG 1
| #define HAVE_GCC_ATOMICS 1
| #define HAVE_GCC_64ATOMICS 1
| /* end confdefs.h.  */
| /* Define pledge to an innocuous variant, in case <limits.h> declares pledge.
|    For example, HP-UX 11i <limits.h> declares gettimeofday.  */
| #define pledge innocuous_pledge
| 
| /* System header to define __stub macros and hopefully few prototypes,
|     which can conflict with char pledge (); below.
|     Prefer <limits.h> to <assert.h> if __STDC__ is defined, since
|     <limits.h> exists even on freestanding compilers.  */
| 
| #ifdef __STDC__
| # include <limits.h>
| #else
| # include <assert.h>
| #endif
| 
| #undef pledge
| 
| /* Override any GCC internal prototype to avoid an error.
|    Use char because int might match the return type of a GCC
|    builtin and then its argument prototype would still apply.  */
| #ifdef __cplusplus
| extern "C"
| #endif
| char pledge ();
| /* The GNU C library defines this for functions which it implements
|     to always fail with ENOSYS.  Some functions are actually named
|     something starting with __ and the normal name is an alias.  */
| #if defined __stub_pledge || defined __stub___pledge
| choke me
| #endif
| 
| int
| main ()
| {
| return pledge ();
|   ;
|   return 0;
| }
configure:7069: result: no
configure:7093: checking for cap_enter
configure:7093: wllvm -O3 -o conftest -fPIC -Wno-language-extension-token -fPIC  conftest.c -lpthread -levent  >&5
/tmp/conftest-551848.o: In function `main':
conftest.c:(.text+0x4): undefined reference to `cap_enter'
clang-6.0: error: linker command failed with exit code 1 (use -v to see invocation)
ERROR:Failed to compile using given arguments: [-O3 -o conftest -fPIC -Wno-language-extension-token -fPIC conftest.c -lpthread -levent]
configure:7093: $? = 1
configure: failed program was:
| /* confdefs.h */
| #define PACKAGE_NAME "memcached"
| #define PACKAGE_TARNAME "memcached"
| #define PACKAGE_VERSION "1.6.9"
| #define PACKAGE_STRING "memcached 1.6.9"
| #define PACKAGE_BUGREPORT "memcached@googlegroups.com"
| #define PACKAGE_URL ""
| #define PACKAGE "memcached"
| #define VERSION "1.6.9"
| #define STDC_HEADERS 1
| #define HAVE_SYS_TYPES_H 1
| #define HAVE_SYS_STAT_H 1
| #define HAVE_STDLIB_H 1
| #define HAVE_STRING_H 1
| #define HAVE_MEMORY_H 1
| #define HAVE_STRINGS_H 1
| #define HAVE_INTTYPES_H 1
| #define HAVE_STDINT_H 1
| #define HAVE_UNISTD_H 1
| #define EXTSTORE 1
| #define SIZEOF_VOID_P 8
| #define HAVE_LIBEVENT_NEW 1
| #define HAVE__BOOL 1
| #define HAVE_STDBOOL_H 1
| #define HAVE_INTTYPES_H 1
| #define ENDIAN_LITTLE 1
| #define HAVE_MLOCKALL 1
| #define HAVE_SYSCONF 1
| #define HAVE_CLOCK_GETTIME 1
| #define HAVE_PREADV 1
| #define HAVE_PREAD 1
| #define HAVE_ACCEPT4 1
| #define HAVE_ACCEPT4 1
| #define HAVE_GETOPT_LONG 1
| #define HAVE_GETOPT_LONG 1
| #define HAVE_GCC_ATOMICS 1
| #define HAVE_GCC_64ATOMICS 1
| /* end confdefs.h.  */
| /* Define cap_enter to an innocuous variant, in case <limits.h> declares cap_enter.
|    For example, HP-UX 11i <limits.h> declares gettimeofday.  */
| #define cap_enter innocuous_cap_enter
| 
| /* System header to define __stub macros and hopefully few prototypes,
|     which can conflict with char cap_enter (); below.
|     Prefer <limits.h> to <assert.h> if __STDC__ is defined, since
|     <limits.h> exists even on freestanding compilers.  */
| 
| #ifdef __STDC__
| # include <limits.h>
| #else
| # include <assert.h>
| #endif
| 
| #undef cap_enter
| 
| /* Override any GCC internal prototype to avoid an error.
|    Use char because int might match the return type of a GCC
|    builtin and then its argument prototype would still apply.  */
| #ifdef __cplusplus
| extern "C"
| #endif
| char cap_enter ();
| /* The GNU C library defines this for functions which it implements
|     to always fail with ENOSYS.  Some functions are actually named
|     something starting with __ and the normal name is an alias.  */
| #if defined __stub_cap_enter || defined __stub___cap_enter
| choke me
| #endif
| 
| int
| main ()
| {
| return cap_enter ();
|   ;
|   return 0;
| }
configure:7093: result: no
configure:7157: checking for xml2rfc
configure:7188: result: no
configure:7198: checking for xsltproc
configure:7229: result: no
configure:7384: checking that generated files are newer than configure
configure:7390: result: done
configure:7470: creating ./config.status

## ---------------------- ##
## Running config.status. ##
## ---------------------- ##

This file was extended by memcached config.status 1.6.9, which was
generated by GNU Autoconf 2.69.  Invocation command line was

  CONFIG_FILES    = 
  CONFIG_HEADERS  = 
  CONFIG_LINKS    = 
  CONFIG_COMMANDS = 
  $ ./config.status 

on node-0.adona.proxyweb-pg0.clemson.cloudlab.us

config.status:917: creating Makefile
config.status:917: creating doc/Makefile
config.status:917: creating config.h
config.status:1146: executing depfiles commands
config.status:1223: cd .       && sed -e '/# am--include-marker/d' Makefile         | make -f - am--depfiles
config.status:1228: $? = 0

## ---------------- ##
## Cache variables. ##
## ---------------- ##

ac_cv_build=x86_64-pc-linux-gnu
ac_cv_c_alignment=none
ac_cv_c_bigendian=no
ac_cv_c_compiler_gnu=yes
ac_cv_c_const=yes
ac_cv_c_socklen_t=yes
ac_cv_c_uint64_support=yes
ac_cv_env_CC_set=set
ac_cv_env_CC_value='wllvm -O3'
ac_cv_env_CFLAGS_set=set
ac_cv_env_CFLAGS_value=-fPIC
ac_cv_env_CPPFLAGS_set=set
ac_cv_env_CPPFLAGS_value=-fPIC
ac_cv_env_CPP_set=
ac_cv_env_CPP_value=
ac_cv_env_LDFLAGS_set=
ac_cv_env_LDFLAGS_value=
ac_cv_env_LIBS_set=
ac_cv_env_LIBS_value=
ac_cv_env_build_alias_set=
ac_cv_env_build_alias_value=
ac_cv_env_host_alias_set=
ac_cv_env_host_alias_value=
ac_cv_env_target_alias_set=
ac_cv_env_target_alias_value=
ac_cv_func_accept4=yes
ac_cv_func_cap_enter=no
ac_cv_func_clock_gettime=yes
ac_cv_func_getopt_long=yes
ac_cv_func_getpagesizes=no
ac_cv_func_memcntl=no
ac_cv_func_mlockall=yes
ac_cv_func_pledge=no
ac_cv_func_pread=yes
ac_cv_func_preadv=yes
ac_cv_func_setppriv=no
ac_cv_func_sysconf=yes
ac_cv_has_sasl_callback_ft=no
ac_cv_have_decl___SUNPRO_C=no
ac_cv_header_inttypes_h=yes
ac_cv_header_memory_h=yes
ac_cv_header_sasl_sasl_h=no
ac_cv_header_stdbool_h=yes
ac_cv_header_stdc=yes
ac_cv_header_stdint_h=yes
ac_cv_header_stdlib_h=yes
ac_cv_header_string_h=yes
ac_cv_header_strings_h=yes
ac_cv_header_sys_stat_h=yes
ac_cv_header_sys_types_h=yes
ac_cv_header_unistd_h=yes
ac_cv_host=x86_64-pc-linux-gnu
ac_cv_libevent_dir='(system)'
ac_cv_objext=o
ac_cv_path_EGREP='/bin/grep -E'
ac_cv_path_GREP=/bin/grep
ac_cv_path_PROFILER=/usr/bin/gcov
ac_cv_path_XML2RFC=no
ac_cv_path_XSLTPROC=no
ac_cv_path_install='/usr/bin/install -c'
ac_cv_path_mkdir=/bin/mkdir
ac_cv_prog_AWK=mawk
ac_cv_prog_CPP='wllvm -O3 -E'
ac_cv_prog_ac_ct_CC='wllvm -O3'
ac_cv_prog_cc_c89=
ac_cv_prog_cc_c99=
ac_cv_prog_cc_g=yes
ac_cv_prog_make_make_set=yes
ac_cv_search_clock_gettime='none required'
ac_cv_search_gethostbyname='none required'
ac_cv_search_gethugepagesizes=no
ac_cv_search_pthread_create=-lpthread
ac_cv_search_socket='none required'
ac_cv_sizeof_void_p=8
ac_cv_type__Bool=yes
am_cv_CC_dependencies_compiler_type=gcc3
am_cv_make_support_nested_variables=yes
am_cv_prog_cc_c_o=yes

## ----------------- ##
## Output variables. ##
## ----------------- ##

ACLOCAL='${SHELL} /proj/proxyweb-PG0/adona/releases/memcached-1.6.9/missing aclocal-1.16'
AMDEPBACKSLASH='\'
AMDEP_FALSE='#'
AMDEP_TRUE=''
AMTAR='$${TAR-tar}'
AM_BACKSLASH='\'
AM_DEFAULT_V='$(AM_DEFAULT_VERBOSITY)'
AM_DEFAULT_VERBOSITY='1'
AM_V='$(V)'
AUTOCONF='${SHELL} /proj/proxyweb-PG0/adona/releases/memcached-1.6.9/missing autoconf'
AUTOHEADER='${SHELL} /proj/proxyweb-PG0/adona/releases/memcached-1.6.9/missing autoheader'
AUTOMAKE='${SHELL} /proj/proxyweb-PG0/adona/releases/memcached-1.6.9/missing automake-1.16'
AWK='mawk'
BUILD_DTRACE_FALSE=''
BUILD_DTRACE_TRUE='#'
BUILD_FREEBSD_PRIVS_FALSE=''
BUILD_FREEBSD_PRIVS_TRUE='#'
BUILD_LINUX_PRIVS_FALSE=''
BUILD_LINUX_PRIVS_TRUE='#'
BUILD_OPENBSD_PRIVS_FALSE=''
BUILD_OPENBSD_PRIVS_TRUE='#'
BUILD_SOLARIS_PRIVS_FALSE=''
BUILD_SOLARIS_PRIVS_TRUE='#'
BUILD_SPECIFICATIONS_FALSE=''
BUILD_SPECIFICATIONS_TRUE='#'
CC='wllvm -O3'
CCDEPMODE='depmode=gcc3'
CFLAGS='-fPIC -Wno-language-extension-token -Wall -Werror -pedantic -Wmissing-prototypes -Wmissing-declarations -Wredundant-decls'
CPP='wllvm -O3 -E'
CPPFLAGS='-fPIC'
CYGPATH_W='echo'
DEFS='-DHAVE_CONFIG_H'
DEPDIR='.deps'
DISABLE_UNIX_SOCKET_FALSE=''
DISABLE_UNIX_SOCKET_TRUE='#'
DTRACE=''
DTRACEFLAGS=''
DTRACE_INSTRUMENT_OBJ_FALSE=''
DTRACE_INSTRUMENT_OBJ_TRUE='#'
ECHO_C=''
ECHO_N='-n'
ECHO_T=''
EGREP='/bin/grep -E'
ENABLE_ARM_CRC32_FALSE=''
ENABLE_ARM_CRC32_TRUE='#'
ENABLE_ASAN_FALSE=''
ENABLE_ASAN_TRUE='#'
ENABLE_EXTSTORE_FALSE='#'
ENABLE_EXTSTORE_TRUE=''
ENABLE_SASL=''
ENABLE_SASL_FALSE=''
ENABLE_SASL_TRUE='#'
ENABLE_STATIC_FALSE=''
ENABLE_STATIC_TRUE='#'
ENABLE_TLS_FALSE=''
ENABLE_TLS_TRUE='#'
EXEEXT=''
GREP='/bin/grep'
INSTALL_DATA='${INSTALL} -m 644'
INSTALL_PROGRAM='${INSTALL}'
INSTALL_SCRIPT='${INSTALL}'
INSTALL_STRIP_PROGRAM='$(install_sh) -c -s'
LDFLAGS=''
LIBOBJS=''
LIBS='-lpthread -levent '
LTLIBOBJS=''
MAKEINFO='${SHELL} /proj/proxyweb-PG0/adona/releases/memcached-1.6.9/missing makeinfo'
MKDIR_P='/bin/mkdir -p'
OBJEXT='o'
PACKAGE='memcached'
PACKAGE_BUGREPORT='memcached@googlegroups.com'
PACKAGE_NAME='memcached'
PACKAGE_STRING='memcached 1.6.9'
PACKAGE_TARNAME='memcached'
PACKAGE_URL=''
PACKAGE_VERSION='1.6.9'
PATH_SEPARATOR=':'
PROFILER='/usr/bin/gcov'
PROFILER_FLAGS='-fprofile-arcs -ftest-coverage'
PROFILER_LDFLAGS=''
SET_MAKE=''
SHELL='/bin/bash'
STRIP=''
VERSION='1.6.9'
XML2RFC='no'
XSLTPROC='no'
ac_ct_CC='wllvm -O3'
am__EXEEXT_FALSE=''
am__EXEEXT_TRUE='#'
am__fastdepCC_FALSE='#'
am__fastdepCC_TRUE=''
am__include='include'
am__isrc=''
am__leading_dot='.'
am__nodep='_no'
am__quote=''
am__tar='$${TAR-tar} chof - "$$tardir"'
am__untar='$${TAR-tar} xf -'
bindir='${exec_prefix}/bin'
build='x86_64-pc-linux-gnu'
build_alias=''
build_cpu='x86_64'
build_os='linux-gnu'
build_vendor='pc'
datadir='${datarootdir}'
datarootdir='${prefix}/share'
docdir='${datarootdir}/doc/${PACKAGE_TARNAME}'
dvidir='${docdir}'
exec_prefix='${prefix}'
host='x86_64-pc-linux-gnu'
host_alias=''
host_cpu='x86_64'
host_os='linux-gnu'
host_vendor='pc'
htmldir='${docdir}'
includedir='${prefix}/include'
infodir='${datarootdir}/info'
install_sh='${SHELL} /proj/proxyweb-PG0/adona/releases/memcached-1.6.9/install-sh'
libdir='${exec_prefix}/lib'
libexecdir='${exec_prefix}/libexec'
localedir='${datarootdir}/locale'
localstatedir='${prefix}/var'
mandir='${datarootdir}/man'
mkdir_p='$(MKDIR_P)'
oldincludedir='/usr/include'
pdfdir='${docdir}'
prefix='/usr/local'
program_transform_name='s,x,x,'
psdir='${docdir}'
runstatedir='${localstatedir}/run'
sbindir='${exec_prefix}/sbin'
sharedstatedir='${prefix}/com'
sysconfdir='${prefix}/etc'
target_alias=''

## ----------- ##
## confdefs.h. ##
## ----------- ##

/* confdefs.h */
#define PACKAGE_NAME "memcached"
#define PACKAGE_TARNAME "memcached"
#define PACKAGE_VERSION "1.6.9"
#define PACKAGE_STRING "memcached 1.6.9"
#define PACKAGE_BUGREPORT "memcached@googlegroups.com"
#define PACKAGE_URL ""
#define PACKAGE "memcached"
#define VERSION "1.6.9"
#define STDC_HEADERS 1
#define HAVE_SYS_TYPES_H 1
#define HAVE_SYS_STAT_H 1
#define HAVE_STDLIB_H 1
#define HAVE_STRING_H 1
#define HAVE_MEMORY_H 1
#define HAVE_STRINGS_H 1
#define HAVE_INTTYPES_H 1
#define HAVE_STDINT_H 1
#define HAVE_UNISTD_H 1
#define EXTSTORE 1
#define SIZEOF_VOID_P 8
#define HAVE_LIBEVENT_NEW 1
#define HAVE__BOOL 1
#define HAVE_STDBOOL_H 1
#define HAVE_INTTYPES_H 1
#define ENDIAN_LITTLE 1
#define HAVE_MLOCKALL 1
#define HAVE_SYSCONF 1
#define HAVE_CLOCK_GETTIME 1
#define HAVE_PREADV 1
#define HAVE_PREAD 1
#define HAVE_ACCEPT4 1
#define HAVE_ACCEPT4 1
#define HAVE_GETOPT_LONG 1
#define HAVE_GETOPT_LONG 1
#define HAVE_GCC_ATOMICS 1
#define HAVE_GCC_64ATOMICS 1
#define _GNU_SOURCE 1

configure: exit 0
